<?xml version="1.0" encoding="UTF-8"?>
<!-- Generated by org.testng.reporters.JUnitXMLReporter -->
<testsuite hostname="MAA-5CG7041Q2D" ignored="10" name="Test" tests="6" failures="0" timestamp="07 Aug 2019 13:37:13 GMT" time="101.983" errors="0">
  <testcase name="dropDown" time="3.305" classname="com.leafBot.testcases.TC001_SelectDropDown"/>
  <testcase name="Input_form" time="4.549" classname="com.leafBot.testcases.TC002_InputForm"/>
  <testcase name="multi_dropDown" time="3.793" classname="com.leafBot.testcases.TC003_multi_dropdown"/>
  <testcase name="checkbox" time="10.901" classname="com.leafBot.testcases.TC004_CheckBoxSelect"/>
  <testcase name="radioButton" time="17.305" classname="com.leafBot.testcases.TC005_Radio_Button"/>
  <testcase name="query_dropdown" time="5.326" classname="com.leafBot.testcases.TC006_JqueryDropDown"/>
  <testcase name="@AfterSuite stopReport" time="0.0" classname="utils.Reporter">
    <ignored/>
  </testcase> <!-- @AfterSuite stopReport -->
  <testcase name="@AfterSuite stopReport" time="0.0" classname="utils.Reporter">
    <ignored/>
  </testcase> <!-- @AfterSuite stopReport -->
  <testcase name="@AfterSuite stopReport" time="0.0" classname="utils.Reporter">
    <ignored/>
  </testcase> <!-- @AfterSuite stopReport -->
  <testcase name="@AfterSuite stopReport" time="0.0" classname="utils.Reporter">
    <ignored/>
  </testcase> <!-- @AfterSuite stopReport -->
  <testcase name="@AfterSuite stopReport" time="0.0" classname="utils.Reporter">
    <ignored/>
  </testcase> <!-- @AfterSuite stopReport -->
  <testcase name="@BeforeSuite startReport" time="0.0" classname="utils.Reporter">
    <ignored/>
  </testcase> <!-- @BeforeSuite startReport -->
  <testcase name="@BeforeSuite startReport" time="0.0" classname="utils.Reporter">
    <ignored/>
  </testcase> <!-- @BeforeSuite startReport -->
  <testcase name="@BeforeSuite startReport" time="0.0" classname="utils.Reporter">
    <ignored/>
  </testcase> <!-- @BeforeSuite startReport -->
  <testcase name="@BeforeSuite startReport" time="0.0" classname="utils.Reporter">
    <ignored/>
  </testcase> <!-- @BeforeSuite startReport -->
  <testcase name="@BeforeSuite startReport" time="0.0" classname="utils.Reporter">
    <ignored/>
  </testcase> <!-- @BeforeSuite startReport -->
</testsuite> <!-- Test -->
