<?xml version="1.0" encoding="UTF-8"?>
<!-- Generated by org.testng.reporters.JUnitXMLReporter -->
<testsuite hostname="MAA-5CG7041Q2D" ignored="8" name="Test" tests="5" failures="0" timestamp="03 Aug 2019 16:14:37 GMT" time="85.583" errors="0">
  <testcase name="dropDown" time="3.067" classname="com.leafBot.testcases.TC001_SelectDropDown"/>
  <testcase name="Input_form" time="4.926" classname="com.leafBot.testcases.TC002_InputForm"/>
  <testcase name="multi_dropDown" time="3.839" classname="com.leafBot.testcases.TC003_multi_dropdown"/>
  <testcase name="checkbox" time="10.945" classname="com.leafBot.testcases.TC004_CheckBoxSelect"/>
  <testcase name="radioButton" time="17.062" classname="com.leafBot.testcases.TC005_Radio_Button"/>
  <testcase name="@AfterSuite stopReport" time="0.0" classname="utils.Reporter">
    <ignored/>
  </testcase> <!-- @AfterSuite stopReport -->
  <testcase name="@AfterSuite stopReport" time="0.0" classname="utils.Reporter">
    <ignored/>
  </testcase> <!-- @AfterSuite stopReport -->
  <testcase name="@AfterSuite stopReport" time="0.0" classname="utils.Reporter">
    <ignored/>
  </testcase> <!-- @AfterSuite stopReport -->
  <testcase name="@AfterSuite stopReport" time="0.0" classname="utils.Reporter">
    <ignored/>
  </testcase> <!-- @AfterSuite stopReport -->
  <testcase name="@BeforeSuite startReport" time="0.0" classname="utils.Reporter">
    <ignored/>
  </testcase> <!-- @BeforeSuite startReport -->
  <testcase name="@BeforeSuite startReport" time="0.0" classname="utils.Reporter">
    <ignored/>
  </testcase> <!-- @BeforeSuite startReport -->
  <testcase name="@BeforeSuite startReport" time="0.0" classname="utils.Reporter">
    <ignored/>
  </testcase> <!-- @BeforeSuite startReport -->
  <testcase name="@BeforeSuite startReport" time="0.0" classname="utils.Reporter">
    <ignored/>
  </testcase> <!-- @BeforeSuite startReport -->
</testsuite> <!-- Test -->
