<?xml version="1.0" encoding="UTF-8"?>
<testng-results skipped="0" failed="0" ignored="0" total="1" passed="1">
  <reporter-output>
  </reporter-output>
  <suite name="Suite" duration-ms="14290" started-at="2019-08-10T13:49:35Z" finished-at="2019-08-10T13:49:49Z">
    <groups>
      <group name="cucumber">
        <method signature="AbstractTestNGCucumberTests.runScenario(cucumber.api.testng.PickleEventWrapper, cucumber.api.testng.CucumberFeatureWrapper)[pri:0, instance:com.leafBot.testcases.TC001_SelectDropDown@5abca1e0]" name="runScenario" class="cucumber.api.testng.AbstractTestNGCucumberTests"/>
      </group> <!-- cucumber -->
    </groups>
    <test name="Test" duration-ms="14290" started-at="2019-08-10T13:49:35Z" finished-at="2019-08-10T13:49:49Z">
      <class name="com.leafBot.testcases.TC001_SelectDropDown">
        <test-method status="PASS" signature="startReport()[pri:0, instance:com.leafBot.testcases.TC001_SelectDropDown@5abca1e0]" name="startReport" is-config="true" duration-ms="639" started-at="2019-08-10T13:49:34Z" finished-at="2019-08-10T13:49:35Z">
          <reporter-output>
          </reporter-output>
        </test-method> <!-- startReport -->
        <test-method status="PASS" signature="setData()[pri:0, instance:com.leafBot.testcases.TC001_SelectDropDown@5abca1e0]" name="setData" is-config="true" duration-ms="0" started-at="2019-08-10T13:49:35Z" finished-at="2019-08-10T13:49:35Z">
          <reporter-output>
          </reporter-output>
        </test-method> <!-- setData -->
        <test-method status="PASS" signature="setUpClass()[pri:0, instance:com.leafBot.testcases.TC001_SelectDropDown@5abca1e0]" name="setUpClass" is-config="true" duration-ms="157" started-at="2019-08-10T13:49:35Z" finished-at="2019-08-10T13:49:35Z">
          <reporter-output>
          </reporter-output>
        </test-method> <!-- setUpClass -->
        <test-method status="PASS" signature="report()[pri:0, instance:com.leafBot.testcases.TC001_SelectDropDown@5abca1e0]" name="report" is-config="true" duration-ms="12" started-at="2019-08-10T13:49:35Z" finished-at="2019-08-10T13:49:35Z">
          <reporter-output>
          </reporter-output>
        </test-method> <!-- report -->
        <test-method status="PASS" signature="beforeMethod()[pri:0, instance:com.leafBot.testcases.TC001_SelectDropDown@5abca1e0]" name="beforeMethod" is-config="true" duration-ms="7785" started-at="2019-08-10T13:49:35Z" finished-at="2019-08-10T13:49:43Z">
          <reporter-output>
          </reporter-output>
        </test-method> <!-- beforeMethod -->
        <test-method status="PASS" signature="dropDown()[pri:0, instance:com.leafBot.testcases.TC001_SelectDropDown@5abca1e0]" name="dropDown" duration-ms="3087" started-at="2019-08-10T13:49:43Z" finished-at="2019-08-10T13:49:46Z">
          <reporter-output>
          </reporter-output>
        </test-method> <!-- dropDown -->
        <test-method status="PASS" signature="afterMethod()[pri:0, instance:com.leafBot.testcases.TC001_SelectDropDown@5abca1e0]" name="afterMethod" is-config="true" duration-ms="3188" started-at="2019-08-10T13:49:46Z" finished-at="2019-08-10T13:49:49Z">
          <reporter-output>
          </reporter-output>
        </test-method> <!-- afterMethod -->
        <test-method status="PASS" signature="tearDownClass()[pri:0, instance:com.leafBot.testcases.TC001_SelectDropDown@5abca1e0]" name="tearDownClass" is-config="true" duration-ms="11" started-at="2019-08-10T13:49:49Z" finished-at="2019-08-10T13:49:49Z">
          <reporter-output>
          </reporter-output>
        </test-method> <!-- tearDownClass -->
        <test-method status="PASS" signature="stopReport()[pri:0, instance:com.leafBot.testcases.TC001_SelectDropDown@5abca1e0]" name="stopReport" is-config="true" duration-ms="498" started-at="2019-08-10T13:49:49Z" finished-at="2019-08-10T13:49:49Z">
          <reporter-output>
          </reporter-output>
        </test-method> <!-- stopReport -->
      </class> <!-- com.leafBot.testcases.TC001_SelectDropDown -->
    </test> <!-- Test -->
  </suite> <!-- Suite -->
</testng-results>
